<?xml version="1.0" encoding="UTF-8"?>
<testng-results skipped="0" failed="0" ignored="0" total="4" passed="4">
  <reporter-output>
  </reporter-output>
  <suite name="Surefire suite" duration-ms="97" started-at="2019-12-25T05:23:00Z" finished-at="2019-12-25T05:23:00Z">
    <groups>
    </groups>
    <test name="Surefire test" duration-ms="97" started-at="2019-12-25T05:23:00Z" finished-at="2019-12-25T05:23:00Z">
      <class name="qaclickacademy.com.RestAPITest">
        <test-method status="PASS" signature="DeleteTwitter()" name="DeleteTwitter" duration-ms="1" started-at="2019-12-25T05:23:00Z" finished-at="2019-12-25T05:23:00Z">
          <reporter-output>
          </reporter-output>
        </test-method> <!-- DeleteTwitter -->
        <test-method status="PASS" signature="PostJira()" name="PostJira" duration-ms="1" started-at="2019-12-25T05:23:00Z" finished-at="2019-12-25T05:23:00Z">
          <reporter-output>
          </reporter-output>
        </test-method> <!-- PostJira -->
      </class> <!-- qaclickacademy.com.RestAPITest -->
      <class name="qaclickacademy.com.AppiumTest">
        <test-method status="PASS" signature="IOSApp()" name="IOSApp" duration-ms="8" started-at="2019-12-25T05:23:00Z" finished-at="2019-12-25T05:23:00Z">
          <reporter-output>
          </reporter-output>
        </test-method> <!-- IOSApp -->
        <test-method status="PASS" signature="NativeAppAndroid()" name="NativeAppAndroid" duration-ms="15" started-at="2019-12-25T05:23:00Z" finished-at="2019-12-25T05:23:00Z">
          <reporter-output>
          </reporter-output>
        </test-method> <!-- NativeAppAndroid -->
      </class> <!-- qaclickacademy.com.AppiumTest -->
    </test> <!-- Surefire test -->
  </suite> <!-- Surefire suite -->
</testng-results>
