<?xml version="1.0" encoding="UTF-8"?>
<testng-results skipped="0" failed="0" ignored="0" total="2" passed="2">
  <reporter-output>
  </reporter-output>
  <suite name="Surefire suite" duration-ms="73" started-at="2019-12-25T05:22:59Z" finished-at="2019-12-25T05:22:59Z">
    <groups>
    </groups>
    <test name="Surefire test" duration-ms="73" started-at="2019-12-25T05:22:59Z" finished-at="2019-12-25T05:22:59Z">
      <class name="qaclickacademy.com.SeleniumTest">
        <test-method status="PASS" signature="BrowserAutomation()[pri:0, instance:qaclickacademy.com.SeleniumTest@50f8360d]" name="BrowserAutomation" duration-ms="12" started-at="2019-12-25T05:22:59Z" finished-at="2019-12-25T05:22:59Z">
          <reporter-output>
          </reporter-output>
        </test-method> <!-- BrowserAutomation -->
        <test-method status="PASS" signature="ElemenUI()[pri:0, instance:qaclickacademy.com.SeleniumTest@50f8360d]" name="ElemenUI" duration-ms="1" started-at="2019-12-25T05:22:59Z" finished-at="2019-12-25T05:22:59Z">
          <reporter-output>
          </reporter-output>
        </test-method> <!-- ElemenUI -->
      </class> <!-- qaclickacademy.com.SeleniumTest -->
    </test> <!-- Surefire test -->
  </suite> <!-- Surefire suite -->
</testng-results>
