<?xml version="1.0" encoding="UTF-8"?>
<!-- Generated by org.testng.reporters.JUnitXMLReporter -->
<testsuite hostname="KunjSanghavi" ignored="0" name="Test" tests="4" failures="0" timestamp="2019-12-25T12:08:57 IST" time="0.082" errors="0">
  <testcase name="DeleteTwitter" time="0.007" classname="qaclickacademy.com.RestAPITest"/>
  <testcase name="PostJira" time="0.0" classname="qaclickacademy.com.RestAPITest"/>
  <testcase name="IOSApp" time="0.001" classname="qaclickacademy.com.AppiumTest"/>
  <testcase name="NativeAppAndroid" time="0.004" classname="qaclickacademy.com.AppiumTest"/>
</testsuite> <!-- Test -->
