<?xml version="1.0" encoding="UTF-8"?>
<testng-results skipped="0" failed="0" ignored="0" total="4" passed="4">
  <reporter-output>
  </reporter-output>
  <suite name="Suite" duration-ms="82" started-at="2019-12-25T12:08:57 IST" finished-at="2019-12-25T12:08:57 IST">
    <groups>
    </groups>
    <test name="Test" duration-ms="82" started-at="2019-12-25T12:08:57 IST" finished-at="2019-12-25T12:08:57 IST">
      <class name="qaclickacademy.com.RestAPITest">
        <test-method status="PASS" signature="DeleteTwitter()[pri:0, instance:qaclickacademy.com.RestAPITest@71318ec4]" name="DeleteTwitter" duration-ms="7" started-at="2019-12-25T12:08:57 IST" finished-at="2019-12-25T12:08:57 IST">
          <reporter-output>
          </reporter-output>
        </test-method> <!-- DeleteTwitter -->
        <test-method status="PASS" signature="PostJira()[pri:0, instance:qaclickacademy.com.RestAPITest@71318ec4]" name="PostJira" duration-ms="0" started-at="2019-12-25T12:08:57 IST" finished-at="2019-12-25T12:08:57 IST">
          <reporter-output>
          </reporter-output>
        </test-method> <!-- PostJira -->
      </class> <!-- qaclickacademy.com.RestAPITest -->
      <class name="qaclickacademy.com.AppiumTest">
        <test-method status="PASS" signature="IOSApp()[pri:0, instance:qaclickacademy.com.AppiumTest@21213b92]" name="IOSApp" duration-ms="1" started-at="2019-12-25T12:08:57 IST" finished-at="2019-12-25T12:08:57 IST">
          <reporter-output>
          </reporter-output>
        </test-method> <!-- IOSApp -->
        <test-method status="PASS" signature="NativeAppAndroid()[pri:0, instance:qaclickacademy.com.AppiumTest@21213b92]" name="NativeAppAndroid" duration-ms="4" started-at="2019-12-25T12:08:57 IST" finished-at="2019-12-25T12:08:57 IST">
          <reporter-output>
          </reporter-output>
        </test-method> <!-- NativeAppAndroid -->
      </class> <!-- qaclickacademy.com.AppiumTest -->
    </test> <!-- Test -->
  </suite> <!-- Suite -->
</testng-results>
