<?xml version="1.0" encoding="UTF-8"?>
<!-- Generated by org.testng.reporters.JUnitXMLReporter -->
<testsuite hostname="KunjSanghavi" ignored="0" name="Surefire test" tests="4" failures="0" timestamp="25 Dec 2019 05:23:00 GMT" time="0.097" errors="0">
  <testcase name="IOSApp on IOSApp(qaclickacademy.com.AppiumTest)" time="0.008" classname="qaclickacademy.com.AppiumTest"/>
  <testcase name="NativeAppAndroid on NativeAppAndroid(qaclickacademy.com.AppiumTest)" time="0.015" classname="qaclickacademy.com.AppiumTest"/>
  <testcase name="DeleteTwitter on DeleteTwitter(qaclickacademy.com.RestAPITest)" time="0.001" classname="qaclickacademy.com.RestAPITest"/>
  <testcase name="PostJira on PostJira(qaclickacademy.com.RestAPITest)" time="0.001" classname="qaclickacademy.com.RestAPITest"/>
</testsuite> <!-- Surefire test -->
